This file contains any messages produced by compilers while
running configure, to aid debugging if configure makes a mistake.

It was created by cnver configure 0.8.1, which was
generated by GNU Autoconf 2.59.  Invocation command line was

  $ ./configure 

## --------- ##
## Platform. ##
## --------- ##

hostname = combine-102.biolab.sandbox
uname -m = x86_64
uname -r = 2.6.18-92.1.22.el5.centos.plus.nfsroot
uname -s = Linux
uname -v = #1 SMP Thu Feb 26 17:30:02 EST 2009

/usr/bin/uname -p = unknown
/bin/uname -X     = unknown

/bin/arch              = x86_64
/usr/bin/arch -k       = unknown
/usr/convex/getsysinfo = unknown
hostinfo               = unknown
/bin/machine           = unknown
/usr/bin/oslevel       = unknown
/bin/universe          = unknown

PATH: .
PATH: /home/pashadag/ec/hammer/
PATH: /home/pashadag/bin
PATH: /home/pashadag/svn_bio/intervals/
PATH: /home/pashadag/boost_1_34_1/boost
PATH: /home/pashadag/bowtie/
PATH: /home/pashadag/SHRiMP_1_2_1/bin/
PATH: /home/pashadag/tools/dbtools/
PATH: /home/pashadag/tools/readsim
PATH: /home/pashadag/tools/
PATH: /home/pashadag/asm/cpcount/
PATH: /home/pashadag/crossbow-1.0.8/bin/linux64/
PATH: /home/pashadag/kdmer/082010/pbg/src/
PATH: /home/pashadag/kdmer/082210
PATH: /home/pashadag/sratoolkit
PATH: /home/pashadag/samtools/misc
PATH: /home/pashadag/velvet/
PATH: /home/misko/apps/bin/
PATH: /opt/sge6/bin/lx24-amd64
PATH: .
PATH: /home/pashadag/ec/hammer/
PATH: /home/pashadag/bin
PATH: /home/pashadag/svn_bio/intervals/
PATH: /home/pashadag/boost_1_34_1/boost
PATH: /home/pashadag/bowtie/
PATH: /home/pashadag/SHRiMP_1_2_1/bin/
PATH: /home/pashadag/tools/dbtools/
PATH: /home/pashadag/tools/readsim
PATH: /home/pashadag/tools/
PATH: /home/pashadag/asm/cpcount/
PATH: /home/pashadag/crossbow-1.0.8/bin/linux64/
PATH: /home/pashadag/kdmer/082010/pbg/src/
PATH: /home/pashadag/kdmer/082210
PATH: /home/pashadag/sratoolkit
PATH: /home/pashadag/samtools/misc
PATH: /home/pashadag/velvet/
PATH: /home/misko/apps/bin/
PATH: /opt/sge6/bin/lx24-amd64
PATH: /usr/kerberos/bin
PATH: /usr/local/bin
PATH: /bin
PATH: /usr/bin
PATH: /home/pashadag/bin


## ----------- ##
## Core tests. ##
## ----------- ##

configure:1319: checking for a BSD-compatible install
configure:1374: result: /usr/bin/install -c
configure:1385: checking whether build environment is sane
configure:1428: result: yes
configure:1493: checking for gawk
configure:1509: found /bin/gawk
configure:1519: result: gawk
configure:1529: checking whether make sets $(MAKE)
configure:1549: result: yes
configure:1764: checking for gcc
configure:1780: found /usr/bin/gcc
configure:1790: result: gcc
configure:2034: checking for C compiler version
configure:2037: gcc --version </dev/null >&5
gcc (GCC) 4.1.2 20080704 (Red Hat 4.1.2-46)
Copyright (C) 2006 Free Software Foundation, Inc.
This is free software; see the source for copying conditions.  There is NO
warranty; not even for MERCHANTABILITY or FITNESS FOR A PARTICULAR PURPOSE.

configure:2040: $? = 0
configure:2042: gcc -v </dev/null >&5
Using built-in specs.
Target: x86_64-redhat-linux
Configured with: ../configure --prefix=/usr --mandir=/usr/share/man --infodir=/usr/share/info --enable-shared --enable-threads=posix --enable-checking=release --with-system-zlib --enable-__cxa_atexit --disable-libunwind-exceptions --enable-libgcj-multifile --enable-languages=c,c++,objc,obj-c++,java,fortran,ada --enable-java-awt=gtk --disable-dssi --enable-plugin --with-java-home=/usr/lib/jvm/java-1.4.2-gcj-1.4.2.0/jre --with-cpu=generic --host=x86_64-redhat-linux
Thread model: posix
gcc version 4.1.2 20080704 (Red Hat 4.1.2-46)
configure:2045: $? = 0
configure:2047: gcc -V </dev/null >&5
gcc: '-V' option must have argument
configure:2050: $? = 1
configure:2073: checking for C compiler default output file name
configure:2076: gcc -std=c99   conftest.c  >&5
configure:2079: $? = 0
configure:2125: result: a.out
configure:2130: checking whether the C compiler works
configure:2136: ./a.out
configure:2139: $? = 0
configure:2156: result: yes
configure:2163: checking whether we are cross compiling
configure:2165: result: no
configure:2168: checking for suffix of executables
configure:2170: gcc -o conftest -std=c99   conftest.c  >&5
configure:2173: $? = 0
configure:2198: result: 
configure:2204: checking for suffix of object files
configure:2225: gcc -c -std=c99  conftest.c >&5
configure:2228: $? = 0
configure:2250: result: o
configure:2254: checking whether we are using the GNU C compiler
configure:2278: gcc -c -std=c99  conftest.c >&5
configure:2284: $? = 0
configure:2288: test -z 
			 || test ! -s conftest.err
configure:2291: $? = 0
configure:2294: test -s conftest.o
configure:2297: $? = 0
configure:2310: result: yes
configure:2316: checking whether gcc accepts -g
configure:2337: gcc -c -g  conftest.c >&5
configure:2343: $? = 0
configure:2347: test -z 
			 || test ! -s conftest.err
configure:2350: $? = 0
configure:2353: test -s conftest.o
configure:2356: $? = 0
configure:2367: result: yes
configure:2384: checking for gcc option to accept ANSI C
configure:2454: gcc  -c -std=c99  conftest.c >&5
configure:2460: $? = 0
configure:2464: test -z 
			 || test ! -s conftest.err
configure:2467: $? = 0
configure:2470: test -s conftest.o
configure:2473: $? = 0
configure:2491: result: none needed
configure:2509: gcc -c -std=c99  conftest.c >&5
conftest.c:2: error: expected '=', ',', ';', 'asm' or '__attribute__' before 'me'
configure:2515: $? = 1
configure: failed program was:
| #ifndef __cplusplus
|   choke me
| #endif
configure:2659: checking for style of include used by make
configure:2687: result: GNU
configure:2715: checking dependency style of gcc
configure:2805: result: gcc3
configure:2874: checking for g++
configure:2890: found /usr/bin/g++
configure:2900: result: g++
configure:2916: checking for C++ compiler version
configure:2919: g++ --version </dev/null >&5
g++ (GCC) 4.1.2 20080704 (Red Hat 4.1.2-46)
Copyright (C) 2006 Free Software Foundation, Inc.
This is free software; see the source for copying conditions.  There is NO
warranty; not even for MERCHANTABILITY or FITNESS FOR A PARTICULAR PURPOSE.

configure:2922: $? = 0
configure:2924: g++ -v </dev/null >&5
Using built-in specs.
Target: x86_64-redhat-linux
Configured with: ../configure --prefix=/usr --mandir=/usr/share/man --infodir=/usr/share/info --enable-shared --enable-threads=posix --enable-checking=release --with-system-zlib --enable-__cxa_atexit --disable-libunwind-exceptions --enable-libgcj-multifile --enable-languages=c,c++,objc,obj-c++,java,fortran,ada --enable-java-awt=gtk --disable-dssi --enable-plugin --with-java-home=/usr/lib/jvm/java-1.4.2-gcj-1.4.2.0/jre --with-cpu=generic --host=x86_64-redhat-linux
Thread model: posix
gcc version 4.1.2 20080704 (Red Hat 4.1.2-46)
configure:2927: $? = 0
configure:2929: g++ -V </dev/null >&5
g++: '-V' option must have argument
configure:2932: $? = 1
configure:2935: checking whether we are using the GNU C++ compiler
configure:2959: g++ -c   conftest.cc >&5
configure:2965: $? = 0
configure:2969: test -z 
			 || test ! -s conftest.err
configure:2972: $? = 0
configure:2975: test -s conftest.o
configure:2978: $? = 0
configure:2991: result: yes
configure:2997: checking whether g++ accepts -g
configure:3018: g++ -c -g  conftest.cc >&5
configure:3024: $? = 0
configure:3028: test -z 
			 || test ! -s conftest.err
configure:3031: $? = 0
configure:3034: test -s conftest.o
configure:3037: $? = 0
configure:3048: result: yes
configure:3090: g++ -c -g -O2  conftest.cc >&5
configure:3096: $? = 0
configure:3100: test -z 
			 || test ! -s conftest.err
configure:3103: $? = 0
configure:3106: test -s conftest.o
configure:3109: $? = 0
configure:3135: g++ -c -g -O2  conftest.cc >&5
conftest.cc: In function 'int main()':
conftest.cc:15: error: 'exit' was not declared in this scope
configure:3141: $? = 1
configure: failed program was:
| /* confdefs.h.  */
| 
| #define PACKAGE_NAME "cnver"
| #define PACKAGE_TARNAME "cnver"
| #define PACKAGE_VERSION "0.8.1"
| #define PACKAGE_STRING "cnver 0.8.1"
| #define PACKAGE_BUGREPORT "cnver@cs.toronto.edu"
| #define PACKAGE "cnver"
| #define VERSION "0.8.1"
| /* end confdefs.h.  */
| 
| int
| main ()
| {
| exit (42);
|   ;
|   return 0;
| }
configure:3090: g++ -c -g -O2  conftest.cc >&5
configure:3096: $? = 0
configure:3100: test -z 
			 || test ! -s conftest.err
configure:3103: $? = 0
configure:3106: test -s conftest.o
configure:3109: $? = 0
configure:3135: g++ -c -g -O2  conftest.cc >&5
configure:3141: $? = 0
configure:3145: test -z 
			 || test ! -s conftest.err
configure:3148: $? = 0
configure:3151: test -s conftest.o
configure:3154: $? = 0
configure:3179: checking dependency style of g++
configure:3269: result: gcc3
configure:3290: checking for gzread in -lz
configure:3320: gcc -o conftest -std=c99   conftest.c -lz   >&5
configure:3326: $? = 0
configure:3330: test -z 
			 || test ! -s conftest.err
configure:3333: $? = 0
configure:3336: test -s conftest
configure:3339: $? = 0
configure:3352: result: yes
configure:3485: creating ./config.status

## ---------------------- ##
## Running config.status. ##
## ---------------------- ##

This file was extended by cnver config.status 0.8.1, which was
generated by GNU Autoconf 2.59.  Invocation command line was

  CONFIG_FILES    = 
  CONFIG_HEADERS  = 
  CONFIG_LINKS    = 
  CONFIG_COMMANDS = 
  $ ./config.status 

on combine-102.biolab.sandbox

config.status:698: creating Makefile
config.status:698: creating src/Makefile
config.status:698: creating src/cluster/Makefile
config.status:698: creating src/high-copy-count-regions/Makefile
config.status:698: creating src/post_analysis/Makefile
config.status:698: creating src/cs2-4.6/Makefile
config.status:802: creating config.h
config.status:890: config.h is unchanged
config.status:1070: executing depfiles commands

## ---------------- ##
## Cache variables. ##
## ---------------- ##

ac_cv_c_compiler_gnu=yes
ac_cv_cxx_compiler_gnu=yes
ac_cv_env_CC_set=
ac_cv_env_CC_value=
ac_cv_env_CFLAGS_set=
ac_cv_env_CFLAGS_value=
ac_cv_env_CPPFLAGS_set=
ac_cv_env_CPPFLAGS_value=
ac_cv_env_CXXFLAGS_set=
ac_cv_env_CXXFLAGS_value=
ac_cv_env_CXX_set=
ac_cv_env_CXX_value=
ac_cv_env_LDFLAGS_set=
ac_cv_env_LDFLAGS_value=
ac_cv_env_build_alias_set=
ac_cv_env_build_alias_value=
ac_cv_env_host_alias_set=
ac_cv_env_host_alias_value=
ac_cv_env_target_alias_set=
ac_cv_env_target_alias_value=
ac_cv_exeext=
ac_cv_lib_z_gzread=yes
ac_cv_objext=o
ac_cv_path_install='/usr/bin/install -c'
ac_cv_prog_AWK=gawk
ac_cv_prog_ac_ct_CC=gcc
ac_cv_prog_ac_ct_CXX=g++
ac_cv_prog_cc_g=yes
ac_cv_prog_cc_stdc=
ac_cv_prog_cxx_g=yes
ac_cv_prog_make_make_set=yes
am_cv_CC_dependencies_compiler_type=gcc3
am_cv_CXX_dependencies_compiler_type=gcc3

## ----------------- ##
## Output variables. ##
## ----------------- ##

ACLOCAL='${SHELL} /home/pashadag/cnver_source/missing --run aclocal-1.9'
AMDEPBACKSLASH='\'
AMDEP_FALSE='#'
AMDEP_TRUE=''
AMTAR='${SHELL} /home/pashadag/cnver_source/missing --run tar'
AUTOCONF='${SHELL} /home/pashadag/cnver_source/missing --run autoconf'
AUTOHEADER='${SHELL} /home/pashadag/cnver_source/missing --run autoheader'
AUTOMAKE='${SHELL} /home/pashadag/cnver_source/missing --run automake-1.9'
AWK='gawk'
CC='gcc'
CCDEPMODE='depmode=gcc3'
CFLAGS='-std=c99'
CPPFLAGS=''
CXX='g++'
CXXDEPMODE='depmode=gcc3'
CXXFLAGS='-g -O2'
CYGPATH_W='echo'
DEFS='-DHAVE_CONFIG_H'
DEPDIR='.deps'
ECHO_C=''
ECHO_N='-n'
ECHO_T=''
EXEEXT=''
INSTALL_DATA='${INSTALL} -m 644'
INSTALL_PROGRAM='${INSTALL}'
INSTALL_SCRIPT='${INSTALL}'
INSTALL_STRIP_PROGRAM='${SHELL} $(install_sh) -c -s'
LDFLAGS=''
LIBOBJS=''
LIBS='-lz '
LTLIBOBJS=''
MAKEINFO='${SHELL} /home/pashadag/cnver_source/missing --run makeinfo'
OBJEXT='o'
PACKAGE='cnver'
PACKAGE_BUGREPORT='cnver@cs.toronto.edu'
PACKAGE_NAME='cnver'
PACKAGE_STRING='cnver 0.8.1'
PACKAGE_TARNAME='cnver'
PACKAGE_VERSION='0.8.1'
PATH_SEPARATOR=':'
SET_MAKE=''
SHELL='/bin/sh'
STRIP=''
VERSION='0.8.1'
ac_ct_CC='gcc'
ac_ct_CXX='g++'
ac_ct_STRIP=''
am__fastdepCC_FALSE='#'
am__fastdepCC_TRUE=''
am__fastdepCXX_FALSE='#'
am__fastdepCXX_TRUE=''
am__include='include'
am__leading_dot='.'
am__quote=''
am__tar='${AMTAR} chof - "$$tardir"'
am__untar='${AMTAR} xf -'
bindir='${exec_prefix}/bin'
build_alias=''
datadir='${prefix}/share'
exec_prefix='${prefix}'
host_alias=''
includedir='${prefix}/include'
infodir='${prefix}/info'
install_sh='/home/pashadag/cnver_source/install-sh'
libdir='${exec_prefix}/lib'
libexecdir='${exec_prefix}/libexec'
localstatedir='${prefix}/var'
mandir='${prefix}/man'
mkdir_p='mkdir -p --'
oldincludedir='/usr/include'
prefix='/usr/local'
program_transform_name='s,x,x,'
sbindir='${exec_prefix}/sbin'
sharedstatedir='${prefix}/com'
sysconfdir='${prefix}/etc'
target_alias=''

## ----------- ##
## confdefs.h. ##
## ----------- ##

#define HAVE_LIBZ 1
#define PACKAGE "cnver"
#define PACKAGE_BUGREPORT "cnver@cs.toronto.edu"
#define PACKAGE_NAME "cnver"
#define PACKAGE_STRING "cnver 0.8.1"
#define PACKAGE_TARNAME "cnver"
#define PACKAGE_VERSION "0.8.1"
#define VERSION "0.8.1"
#endif
#ifdef __cplusplus
extern "C" void std::exit (int) throw (); using std::exit;

configure: exit 0

## ---------------------- ##
## Running config.status. ##
## ---------------------- ##

This file was extended by cnver config.status 0.8.1, which was
generated by GNU Autoconf 2.59.  Invocation command line was

  CONFIG_FILES    = 
  CONFIG_HEADERS  = 
  CONFIG_LINKS    = 
  CONFIG_COMMANDS = 
  $ ./config.status config.h

on combine-102.biolab.sandbox

config.status:802: creating config.h
config.status:890: config.h is unchanged

## ---------------------- ##
## Running config.status. ##
## ---------------------- ##

This file was extended by cnver config.status 0.8.1, which was
generated by GNU Autoconf 2.59.  Invocation command line was

  CONFIG_FILES    = 
  CONFIG_HEADERS  = 
  CONFIG_LINKS    = 
  CONFIG_COMMANDS = 
  $ ./config.status src/post_analysis/Makefile depfiles

on combine-102.biolab.sandbox

config.status:698: creating src/post_analysis/Makefile
config.status:1070: executing depfiles commands
